This is pdfTeX, Version 3.141592653-2.6-1.40.22 (TeX Live 2021/Arch Linux) (preloaded format=pdflatex 2021.6.7)  29 JUN 2021 23:32
entering extended mode
 restricted \write18 enabled.
 file:line:error style messages enabled.
 %&-line parsing enabled.
**"/home/rafxar/Metodolog铆a de la investigaci贸n/Survey/main.tex"
(/home/rafxar/Metodolog铆a de la investigaci贸n/Survey/main.tex
LaTeX2e <2020-10-01> patch level 4
L3 programming layer <2021-02-18> (/usr/share/texmf-dist/tex/latex/IEEEtran/IEEEtran.cls
Document Class: IEEEtran 2015/08/26 V1.8b by Michael Shell
-- See the "IEEEtran_HOWTO" manual for usage information.
-- http://www.michaelshell.org/tex/ieeetran/
\@IEEEtrantmpdimenA=\dimen138
\@IEEEtrantmpdimenB=\dimen139
\@IEEEtrantmpdimenC=\dimen140
\@IEEEtrantmpcountA=\count179
\@IEEEtrantmpcountB=\count180
\@IEEEtrantmpcountC=\count181
\@IEEEtrantmptoksA=\toks15
LaTeX Font Info:    Trying to load font information for OT1+ptm on input line 503.
(/usr/share/texmf-dist/tex/latex/psnfss/ot1ptm.fd
File: ot1ptm.fd 2001/06/04 font definitions for OT1/ptm.
)
-- Using 8.5in x 11in (letter) paper.
-- Using PDF output.
\@IEEEnormalsizeunitybaselineskip=\dimen141
-- This is a 10 point document.
\CLASSINFOnormalsizebaselineskip=\dimen142
\CLASSINFOnormalsizeunitybaselineskip=\dimen143
\IEEEnormaljot=\dimen144
LaTeX Font Info:    Font shape `OT1/ptm/bx/n' in size <5> not available
(Font)              Font shape `OT1/ptm/b/n' tried instead on input line 1090.
LaTeX Font Info:    Font shape `OT1/ptm/bx/it' in size <5> not available
(Font)              Font shape `OT1/ptm/b/it' tried instead on input line 1090.
LaTeX Font Info:    Font shape `OT1/ptm/bx/n' in size <7> not available
(Font)              Font shape `OT1/ptm/b/n' tried instead on input line 1090.
LaTeX Font Info:    Font shape `OT1/ptm/bx/it' in size <7> not available
(Font)              Font shape `OT1/ptm/b/it' tried instead on input line 1090.
LaTeX Font Info:    Font shape `OT1/ptm/bx/n' in size <8> not available
(Font)              Font shape `OT1/ptm/b/n' tried instead on input line 1090.
LaTeX Font Info:    Font shape `OT1/ptm/bx/it' in size <8> not available
(Font)              Font shape `OT1/ptm/b/it' tried instead on input line 1090.
LaTeX Font Info:    Font shape `OT1/ptm/bx/n' in size <9> not available
(Font)              Font shape `OT1/ptm/b/n' tried instead on input line 1090.
LaTeX Font Info:    Font shape `OT1/ptm/bx/it' in size <9> not available
(Font)              Font shape `OT1/ptm/b/it' tried instead on input line 1090.
LaTeX Font Info:    Font shape `OT1/ptm/bx/n' in size <10> not available
(Font)              Font shape `OT1/ptm/b/n' tried instead on input line 1090.
LaTeX Font Info:    Font shape `OT1/ptm/bx/it' in size <10> not available
(Font)              Font shape `OT1/ptm/b/it' tried instead on input line 1090.
LaTeX Font Info:    Font shape `OT1/ptm/bx/n' in size <11> not available
(Font)              Font shape `OT1/ptm/b/n' tried instead on input line 1090.
LaTeX Font Info:    Font shape `OT1/ptm/bx/it' in size <11> not available
(Font)              Font shape `OT1/ptm/b/it' tried instead on input line 1090.
LaTeX Font Info:    Font shape `OT1/ptm/bx/n' in size <12> not available
(Font)              Font shape `OT1/ptm/b/n' tried instead on input line 1090.
LaTeX Font Info:    Font shape `OT1/ptm/bx/it' in size <12> not available
(Font)              Font shape `OT1/ptm/b/it' tried instead on input line 1090.
LaTeX Font Info:    Font shape `OT1/ptm/bx/n' in size <17> not available
(Font)              Font shape `OT1/ptm/b/n' tried instead on input line 1090.
LaTeX Font Info:    Font shape `OT1/ptm/bx/it' in size <17> not available
(Font)              Font shape `OT1/ptm/b/it' tried instead on input line 1090.
LaTeX Font Info:    Font shape `OT1/ptm/bx/n' in size <20> not available
(Font)              Font shape `OT1/ptm/b/n' tried instead on input line 1090.
LaTeX Font Info:    Font shape `OT1/ptm/bx/it' in size <20> not available
(Font)              Font shape `OT1/ptm/b/it' tried instead on input line 1090.
LaTeX Font Info:    Font shape `OT1/ptm/bx/n' in size <24> not available
(Font)              Font shape `OT1/ptm/b/n' tried instead on input line 1090.
LaTeX Font Info:    Font shape `OT1/ptm/bx/it' in size <24> not available
(Font)              Font shape `OT1/ptm/b/it' tried instead on input line 1090.
\IEEEquantizedlength=\dimen145
\IEEEquantizedlengthdiff=\dimen146
\IEEEquantizedtextheightdiff=\dimen147
\IEEEilabelindentA=\dimen148
\IEEEilabelindentB=\dimen149
\IEEEilabelindent=\dimen150
\IEEEelabelindent=\dimen151
\IEEEdlabelindent=\dimen152
\IEEElabelindent=\dimen153
\IEEEiednormlabelsep=\dimen154
\IEEEiedmathlabelsep=\dimen155
\IEEEiedtopsep=\skip47
\c@section=\count182
\c@subsection=\count183
\c@subsubsection=\count184
\c@paragraph=\count185
\c@IEEEsubequation=\count186
\abovecaptionskip=\skip48
\belowcaptionskip=\skip49
\c@figure=\count187
\c@table=\count188
\@IEEEeqnnumcols=\count189
\@IEEEeqncolcnt=\count190
\@IEEEsubeqnnumrollback=\count191
\@IEEEquantizeheightA=\dimen156
\@IEEEquantizeheightB=\dimen157
\@IEEEquantizeheightC=\dimen158
\@IEEEquantizeprevdepth=\dimen159
\@IEEEquantizemultiple=\count192
\@IEEEquantizeboxA=\box47
\@IEEEtmpitemindent=\dimen160
\IEEEPARstartletwidth=\dimen161
\c@IEEEbiography=\count193
\@IEEEtranrubishbin=\box48
) (/usr/share/texmf-dist/tex/latex/cite/cite.sty
LaTeX Info: Redefining \cite on input line 302.
LaTeX Info: Redefining \nocite on input line 332.
Package: cite 2015/02/27  v 5.5
) (/usr/share/texmf-dist/tex/latex/multirow/multirow.sty
Package: multirow 2021/03/15 v2.8 Span multiple rows of a table
\multirow@colwidth=\skip50
\multirow@cntb=\count194
\multirow@dima=\skip51
\bigstrutjot=\dimen162
) (/usr/share/texmf-dist/tex/latex/graphics/graphicx.sty
Package: graphicx 2020/09/09 v1.2b Enhanced LaTeX Graphics (DPC,SPQR)
 (/usr/share/texmf-dist/tex/latex/graphics/keyval.sty
Package: keyval 2014/10/28 v1.15 key=value parser (DPC)
\KV@toks@=\toks16
) (/usr/share/texmf-dist/tex/latex/graphics/graphics.sty
Package: graphics 2020/08/30 v1.4c Standard LaTeX Graphics (DPC,SPQR)
 (/usr/share/texmf-dist/tex/latex/graphics/trig.sty
Package: trig 2016/01/03 v1.10 sin cos tan (DPC)
) (/usr/share/texmf-dist/tex/latex/graphics-cfg/graphics.cfg
File: graphics.cfg 2016/06/04 v1.11 sample graphics configuration
)
Package graphics Info: Driver file: pdftex.def on input line 105.
 (/usr/share/texmf-dist/tex/latex/graphics-def/pdftex.def
File: pdftex.def 2020/10/05 v1.2a Graphics/color driver for pdftex
))
\Gin@req@height=\dimen163
\Gin@req@width=\dimen164
) (/usr/share/texmf-dist/tex/latex/l3backend/l3backend-pdftex.def
File: l3backend-pdftex.def 2021-03-18 L3 backend support: PDF output (pdfTeX)
\l__color_backend_stack_int=\count195
\l__pdf_internal_box=\box49
) (/home/rafxar/Metodolog铆a de la investigaci贸n/Survey/main.aux

LaTeX Warning: Label `fig' multiply defined.

)
\openout1 = `main.aux'.

LaTeX Font Info:    Checking defaults for OML/cmm/m/it on input line 12.
LaTeX Font Info:    ... okay on input line 12.
LaTeX Font Info:    Checking defaults for OMS/cmsy/m/n on input line 12.
LaTeX Font Info:    ... okay on input line 12.
LaTeX Font Info:    Checking defaults for OT1/cmr/m/n on input line 12.
LaTeX Font Info:    ... okay on input line 12.
LaTeX Font Info:    Checking defaults for T1/cmr/m/n on input line 12.
LaTeX Font Info:    ... okay on input line 12.
LaTeX Font Info:    Checking defaults for TS1/cmr/m/n on input line 12.
LaTeX Font Info:    ... okay on input line 12.
LaTeX Font Info:    Checking defaults for OMX/cmex/m/n on input line 12.
LaTeX Font Info:    ... okay on input line 12.
LaTeX Font Info:    Checking defaults for U/cmr/m/n on input line 12.
LaTeX Font Info:    ... okay on input line 12.

-- Lines per column: 56 (exact).
(/usr/share/texmf-dist/tex/context/base/mkii/supp-pdf.mkii
[Loading MPS to PDF converter (version 2006.09.02).]
\scratchcounter=\count196
\scratchdimen=\dimen165
\scratchbox=\box50
\nofMPsegments=\count197
\nofMParguments=\count198
\everyMPshowfont=\toks17
\MPscratchCnt=\count199
\MPscratchDim=\dimen166
\MPnumerator=\count266
\makeMPintoPDFobject=\count267
\everyMPtoPDFconversion=\toks18
) (/usr/share/texmf-dist/tex/latex/epstopdf-pkg/epstopdf-base.sty
Package: epstopdf-base 2020-01-24 v2.11 Base part for package epstopdf
Package epstopdf-base Info: Redefining graphics rule for `.eps' on input line 485.
 (/usr/share/texmf-dist/tex/latex/latexconfig/epstopdf-sys.cfg
File: epstopdf-sys.cfg 2010/07/13 v1.3 Configuration of (r)epstopdf for TeX Live
))
LaTeX Font Info:    External font `cmex10' loaded for size
(Font)              <7> on input line 44.
LaTeX Font Info:    External font `cmex10' loaded for size
(Font)              <5> on input line 44.

Underfull \hbox (badness 10000) in paragraph at lines 27--44

 []


Underfull \hbox (badness 5050) in paragraph at lines 27--44
\OT1/ptm/m/n/10 The main rea-son be-hind pre-dic-tion is buy-ing stocks
 []


Underfull \hbox (badness 10000) in paragraph at lines 27--44

 []


Underfull \hbox (badness 1521) in paragraph at lines 27--44
\OT1/ptm/m/n/10 Now it is dif-fi-cult to pre-dict mar-ket trends and many
 []


Underfull \hbox (badness 2635) in paragraph at lines 27--44
\OT1/ptm/m/n/10 AI ap-proaches have been in-ves-ti-gated to pre-dict them
 []


Underfull \hbox (badness 10000) in paragraph at lines 27--44

 []


Underfull \hbox (badness 10000) in paragraph at lines 27--44

 []


Underfull \hbox (badness 10000) in paragraph at lines 27--44

 []


Underfull \hbox (badness 10000) in paragraph at lines 44--48

 []


Underfull \hbox (badness 10000) in paragraph at lines 44--48

 []


Underfull \hbox (badness 10000) in paragraph at lines 52--74

 []


Underfull \hbox (badness 10000) in paragraph at lines 52--74

 []


Underfull \hbox (badness 3780) in paragraph at lines 52--74
\OT1/ptm/m/n/10 For our datasets we can use news ar-ti-cles, fi-nan-cial
 []


Underfull \hbox (badness 10000) in paragraph at lines 52--74

 []


Underfull \hbox (badness 2401) in paragraph at lines 52--74
\OT1/ptm/m/n/10 The am-ple re-search lit-er-a-ture, com-bined with the vast
 []


Underfull \hbox (badness 10000) in paragraph at lines 52--74

 []


Underfull \vbox (badness 10000) has occurred while \output is active []

 [1{/var/lib/texmf/fonts/map/pdftex/updmap/pdftex.map}


]
Underfull \hbox (badness 1533) in paragraph at lines 75--89
\OT1/ptm/m/n/10 pur-pose to trans-form daily stock val-ues to in-de-pen-dent
 []


Underfull \hbox (badness 1997) in paragraph at lines 75--89
\OT1/ptm/m/n/10 XG-Boost, SVC, Na[]^^PveBayes, KNN, Lo-gis-tic Re-gres-sion
 []


Underfull \hbox (badness 10000) in paragraph at lines 75--89

 []


Underfull \hbox (badness 10000) in paragraph at lines 75--89

 []


Underfull \hbox (badness 10000) in paragraph at lines 91--98

 []


Underfull \hbox (badness 1735) in paragraph at lines 91--98
\OT1/ptm/m/n/10 A clas-si-fi-ca-tion based on dataset type was also made,
 []


Underfull \hbox (badness 10000) in paragraph at lines 91--98

 []


Underfull \hbox (badness 1983) in paragraph at lines 91--98
\OT1/ptm/m/n/10 Therefore we'll have a look at mod-els used in stock
 []


LaTeX Warning: No positions in optional float specifier.
               Default added (so using `tbp') on input line 102.

LaTeX Font Info:    External font `cmex10' loaded for size
(Font)              <8> on input line 105.
LaTeX Font Info:    External font `cmex10' loaded for size
(Font)              <6> on input line 105.

Underfull \hbox (badness 10000) in paragraph at lines 108--108
[]\OT1/ptm/m/n/8 Data Nor-mal-iza-
 []


Underfull \hbox (badness 10000) in paragraph at lines 109--109
[]\OT1/ptm/m/n/8 Data Nor-mal-iza-
 []


Underfull \hbox (badness 10000) in paragraph at lines 109--109
\OT1/ptm/m/n/8 con-tin-u-ous data
 []

LaTeX Font Info:    Trying to load font information for TS1+ptm on input line 110.
(/usr/share/texmf-dist/tex/latex/psnfss/ts1ptm.fd
File: ts1ptm.fd 2001/06/04 font definitions for TS1/ptm.
)
Underfull \hbox (badness 10000) in paragraph at lines 111--111
[]\OT1/ptm/m/n/8 (2D)\TS1/ptm/m/n/8 \OT1/ptm/m/n/8 PCA +
 []


Underfull \hbox (badness 10000) in paragraph at lines 113--113
[]\OT1/ptm/m/n/8 Data Nor-mal-iza-
 []


Underfull \hbox (badness 10000) in paragraph at lines 114--114
[]\OT1/ptm/m/n/8 Data Nor-mal-iza-
 []


Underfull \hbox (badness 10000) in paragraph at lines 114--114
\OT1/ptm/m/n/8 con-tin-u-ous data
 []


Underfull \hbox (badness 10000) in paragraph at lines 116--116
[]\OT1/ptm/m/n/8 Machine
 []


Overfull \hbox (30.3775pt too wide) in paragraph at lines 105--123
 [] 
 []

<mapita.png, id=10, 574.145pt x 353.32pt>
File: mapita.png Graphic file (type png)
<use mapita.png>
Package pdftex.def Info: mapita.png  used on input line 127.
(pdftex.def)             Requested size: 344.48965pt x 211.99364pt.

Underfull \hbox (badness 3229) in paragraph at lines 137--143
\OT1/ptm/m/n/10 clas-si-fi-ca-tion and re-gres-sion, it's su-per-vised and based
 []


Underfull \hbox (badness 10000) in paragraph at lines 137--143

 []


Underfull \hbox (badness 2269) in paragraph at lines 137--143
\OT1/ptm/m/n/10 K-dimensional tree al-go-rithm for their KNN pre-dic-tion
 []


Underfull \hbox (badness 10000) in paragraph at lines 137--143

 []


Underfull \hbox (badness 10000) in paragraph at lines 137--143

 []


Underfull \hbox (badness 10000) in paragraph at lines 144--150

 []


Underfull \hbox (badness 3375) in paragraph at lines 144--150
\OT1/ptm/m/n/10 On Nabipour's ap-proach [3], the pa-ram-e-ters for their
 []


Underfull \hbox (badness 10000) in paragraph at lines 144--150

 []


Underfull \hbox (badness 10000) in paragraph at lines 144--150

 []

[2]
Underfull \hbox (badness 10000) in paragraph at lines 151--157

 []


Underfull \hbox (badness 3375) in paragraph at lines 151--157
\OT1/ptm/m/n/10 On Nabipour's ap-proach [3], the pa-ram-e-ters for their
 []


Underfull \hbox (badness 10000) in paragraph at lines 151--157

 []


Underfull \hbox (badness 10000) in paragraph at lines 151--157

 []


Underfull \hbox (badness 10000) in paragraph at lines 158--163

 []


Underfull \hbox (badness 10000) in paragraph at lines 158--163

 []


Underfull \hbox (badness 10000) in paragraph at lines 158--163

 []


Underfull \hbox (badness 10000) in paragraph at lines 164--185

 []


Underfull \hbox (badness 1939) in paragraph at lines 164--185
\OT1/ptm/m/n/10 Gaus-sian Al-go-rithm, for their Gamma value they used
 []


Underfull \hbox (badness 10000) in paragraph at lines 164--185

 []


Underfull \hbox (badness 2875) in paragraph at lines 164--185
\OT1/ptm/m/n/10 There were sev-eral clas-si-fi-ca-tion met-rics across pa-pers
 []


Underfull \hbox (badness 2744) in paragraph at lines 164--185
\OT1/ptm/m/n/10 of Para-graph Vec-tor, ef-fec-tivenes of LSTM [4], in-dex
 []


Underfull \hbox (badness 10000) in paragraph at lines 164--185

 []


Underfull \hbox (badness 2990) in paragraph at lines 164--185
\OT1/ptm/m/n/10 According to Deepak [8], Na[]^^Pve Bayes by it-self can
 []


Underfull \hbox (badness 10000) in paragraph at lines 164--185

 []


Underfull \hbox (badness 10000) in paragraph at lines 164--185

 []


Underfull \hbox (badness 1509) in paragraph at lines 164--185
\OT1/ptm/m/n/10 deep learn-ing mod-els, ma-chine learn-ing mod-els have a
 []


Underfull \vbox (badness 10000) has occurred while \output is active []

 [3 </home/rafxar/Metodolog铆a de la investigaci贸n/Survey/mapita.png>]
Underfull \hbox (badness 2293) in paragraph at lines 195--200
\OT1/ptm/m/n/10 Net-work with su-per-vised learn-ing that pro-cesses lay-ers
 []


Underfull \hbox (badness 10000) in paragraph at lines 195--200

 []


Underfull \hbox (badness 10000) in paragraph at lines 195--200

 []


Underfull \hbox (badness 10000) in paragraph at lines 195--200

 []

<mapita2.png, id=20, 683.55376pt x 302.12875pt>
File: mapita2.png Graphic file (type png)
<use mapita2.png>
Package pdftex.def Info: mapita2.png  used on input line 211.
(pdftex.def)             Requested size: 444.30469pt x 196.38135pt.

Underfull \hbox (badness 10000) in paragraph at lines 201--215

 []


Underfull \hbox (badness 10000) in paragraph at lines 201--215

 []


Underfull \hbox (badness 10000) in paragraph at lines 201--215

 []


Underfull \hbox (badness 10000) in paragraph at lines 216--224
 \OT1/ptm/m/it/10 3) 2-Directional 2-Dimensional Prin-ci-pal Com-po-nent
 []


Underfull \hbox (badness 10000) in paragraph at lines 216--224

 []


Underfull \hbox (badness 10000) in paragraph at lines 216--224

 []


Underfull \hbox (badness 10000) in paragraph at lines 216--224

 []


Underfull \hbox (badness 10000) in paragraph at lines 216--224

 []


Underfull \hbox (badness 10000) in paragraph at lines 225--231
 \OT1/ptm/m/it/10 4) 2-Directional 2-Dimensional Prin-ci-pal Com-po-nent
 []


Underfull \hbox (badness 10000) in paragraph at lines 225--231

 []


Underfull \hbox (badness 10000) in paragraph at lines 225--231

 []


Underfull \hbox (badness 10000) in paragraph at lines 225--231

 []


Underfull \hbox (badness 10000) in paragraph at lines 232--237

 []


Underfull \hbox (badness 10000) in paragraph at lines 232--237

 []


Underfull \hbox (badness 10000) in paragraph at lines 232--237

 []


Underfull \hbox (badness 10000) in paragraph at lines 238--246

 []


Underfull \hbox (badness 10000) in paragraph at lines 238--246

 []


Underfull \hbox (badness 10000) in paragraph at lines 238--246

 []

[4]
Underfull \hbox (badness 10000) in paragraph at lines 247--262

 []


Underfull \hbox (badness 2582) in paragraph at lines 247--262
\OT1/ptm/m/n/10 On Nabipour's ap-proach [3] the pa-ram-e-ters they used
 []


Underfull \hbox (badness 2393) in paragraph at lines 247--262
\OT1/ptm/m/n/10 for their ANN were: Hid-den Layer Neu-ron Count of
 []


Underfull \hbox (badness 4328) in paragraph at lines 247--262
\OT1/ptm/m/n/10 20,50,100,200,500; ReLU, Sig-moid, Tanh as ac-ti-va-tion
 []


Underfull \hbox (badness 1859) in paragraph at lines 247--262
\OT1/ptm/m/n/10 train-ing stop con-di-tion was: Early stop-ping: mon-i-tor-ing
 []


Underfull \hbox (badness 10000) in paragraph at lines 247--262

 []


Underfull \hbox (badness 1681) in paragraph at lines 247--262
\OT1/ptm/m/n/10 tasks, their per-for-mance is al-ways bet-ter than Ma-chine
 []


Underfull \hbox (badness 4621) in paragraph at lines 247--262
\OT1/ptm/m/n/10 Learn-ing mod-els. On Akita's ap-proach [4], they use
 []


Underfull \hbox (badness 3815) in paragraph at lines 247--262
\OT1/ptm/m/n/10 rep-re-sen-ta-tions by us-ing their afor-men-tioned Para-graph
 []


Underfull \hbox (badness 2221) in paragraph at lines 247--262
\OT1/ptm/m/n/10 time se-ries changes well. When us-ing bi-nary data on
 []


Underfull \hbox (badness 10000) in paragraph at lines 266--276

 []


Underfull \hbox (badness 3219) in paragraph at lines 266--276
\OT1/ptm/m/n/10 As men-tioned, in-put data plays an im-por-tant role in
 []


Underfull \hbox (badness 10000) in paragraph at lines 266--276

 []


Underfull \hbox (badness 2269) in paragraph at lines 266--276
\OT1/ptm/m/n/10 To sum it all up, there's promis-ing meth-ods for this
 []

[5 </home/rafxar/Metodolog铆a de la investigaci贸n/Survey/mapita2.png>]
Underfull \hbox (badness 10000) in paragraph at lines 277--281

 []

(/home/rafxar/Metodolog铆a de la investigaci贸n/Survey/main.bbl)

** Conference Paper **
Before submitting the final camera ready copy, remember to:

 1. Manually equalize the lengths of two columns on the last page
 of your paper;

 2. Ensure that any PostScript and/or PDF output post-processing
 uses only Type 1 fonts and that every step in the generation
 process uses the appropriate paper size.

[6] (/home/rafxar/Metodolog铆a de la investigaci贸n/Survey/main.aux)

LaTeX Warning: There were multiply-defined labels.

 ) 
Here is how much of TeX's memory you used:
 2223 strings out of 478994
 37881 string characters out of 5864752
 352319 words of memory out of 5000000
 19717 multiletter control sequences out of 15000+600000
 439215 words of font info for 87 fonts, out of 8000000 for 9000
 1141 hyphenation exceptions out of 8191
 68i,17n,74p,579b,327s stack positions out of 5000i,500n,10000p,200000b,80000s
{/usr/share/texmf-dist/fonts/enc/dvips/base/8r.enc}</usr/share/texmf-dist/fonts/type1/public/amsfonts/cm/cmmi10.pfb></usr/share/texmf-dist/fonts/type1/public/amsfonts/cm/cmr10.pfb></usr/share/texmf-dist/fonts/type1/public/amsfonts/cm/cmr7.pfb></usr/share/texmf-dist/fonts/type1/public/amsfonts/cm/cmsy7.pfb></usr/share/texmf-dist/fonts/type1/urw/times/utmb8a.pfb></usr/share/texmf-dist/fonts/type1/urw/times/utmbi8a.pfb></usr/share/texmf-dist/fonts/type1/urw/times/utmr8a.pfb></usr/share/texmf-dist/fonts/type1/urw/times/utmri8a.pfb>
Output written on "/home/rafxar/Metodolog铆a de la investigaci贸n/Survey/main.pdf" (6 pages, 141827 bytes).
PDF statistics:
 61 PDF objects out of 1000 (max. 8388607)
 40 compressed objects within 1 object stream
 0 named destinations out of 1000 (max. 500000)
 11 words of extra memory for PDF output out of 10000 (max. 10000000)

